Using pre-set license
Built from '2020.3/staging' branch; Version is '2020.3.19f1 (68f137dc9bbe) revision 6877495'; Using compiler version '192528614'; Build Type 'Release'
OS: 'Windows 10 Home Single Language; OS build 19042.1237; Version 2009; 64bit' Language: 'pt' Physical Memory: 8006 MB
BatchMode: 1, IsHumanControllingUs: 0, StartBugReporterOnCrash: 0, Is64bit: 1, IsPro: 0

COMMAND LINE ARGUMENTS:
C:\Program Files\Unity\Hub\Editor\2020.3.19f1\Editor\Unity.exe
-adb2
-batchMode
-noUpm
-name
AssetImportWorker0
-projectPath
C:/Users/leand/OneDrive/Documentos/GitHub/Jogo-de-Cartas
-logFile
Logs/AssetImportWorker0.log
-srvPort
55331
Successfully changed project path to: C:/Users/leand/OneDrive/Documentos/GitHub/Jogo-de-Cartas
C:/Users/leand/OneDrive/Documentos/GitHub/Jogo-de-Cartas
Using Asset Import Pipeline V2.
Refreshing native plugins compatible for Editor in 39.68 ms, found 3 plugins.
Preloading 0 native plugins for Editor in 0.00 ms.
Initialize engine version: 2020.3.19f1 (68f137dc9bbe)
[Subsystems] Discovering subsystems at path C:/Program Files/Unity/Hub/Editor/2020.3.19f1/Editor/Data/Resources/UnitySubsystems
[Subsystems] Discovering subsystems at path C:/Users/leand/OneDrive/Documentos/GitHub/Jogo-de-Cartas/Assets
GfxDevice: creating device client; threaded=0
Direct3D:
    Version:  Direct3D 11.0 [level 11.0]
    Renderer: NVIDIA GeForce MX110 (ID=0x174e)
    Vendor:   
    VRAM:     2010 MB
    Driver:   27.21.14.5167
Initialize mono
Mono path[0] = 'C:/Program Files/Unity/Hub/Editor/2020.3.19f1/Editor/Data/Managed'
Mono path[1] = 'C:/Program Files/Unity/Hub/Editor/2020.3.19f1/Editor/Data/MonoBleedingEdge/lib/mono/unityjit'
Mono config path = 'C:/Program Files/Unity/Hub/Editor/2020.3.19f1/Editor/Data/MonoBleedingEdge/etc'
Using monoOptions --debugger-agent=transport=dt_socket,embedding=1,server=y,suspend=n,address=127.0.0.1:56904
Begin MonoManager ReloadAssembly
Registering precompiled unity dll's ...
Register platform support module: C:/Program Files/Unity/Hub/Editor/2020.3.19f1/Editor/Data/PlaybackEngines/WebGLSupport/UnityEditor.WebGL.Extensions.dll
Register platform support module: C:/Program Files/Unity/Hub/Editor/2020.3.19f1/Editor/Data/PlaybackEngines/WindowsStandaloneSupport/UnityEditor.WindowsStandalone.Extensions.dll
Registered in 0.002053 seconds.
Native extension for WindowsStandalone target not found
Native extension for WebGL target not found
Refreshing native plugins compatible for Editor in 40.42 ms, found 3 plugins.
Preloading 0 native plugins for Editor in 0.00 ms.
Mono: successfully reloaded assembly
- Completed reload, in  1.131 seconds
Domain Reload Profiling:
	ReloadAssembly (1131ms)
		BeginReloadAssembly (51ms)
			ExecutionOrderSort (0ms)
			DisableScriptedObjects (0ms)
			BackupInstance (0ms)
			ReleaseScriptingObjects (0ms)
			CreateAndSetChildDomain (1ms)
		EndReloadAssembly (402ms)
			LoadAssemblies (50ms)
			RebuildTransferFunctionScriptingTraits (0ms)
			SetupTypeCache (145ms)
			ReleaseScriptCaches (0ms)
			RebuildScriptCaches (30ms)
			SetupLoadedEditorAssemblies (160ms)
				LogAssemblyErrors (0ms)
				InitializePlatformSupportModulesInManaged (4ms)
				SetLoadedEditorAssemblies (0ms)
				RefreshPlugins (40ms)
				BeforeProcessingInitializeOnLoad (12ms)
				ProcessInitializeOnLoadAttributes (76ms)
				ProcessInitializeOnLoadMethodAttributes (27ms)
				AfterProcessingInitializeOnLoad (0ms)
				EditorAssembliesLoaded (0ms)
			ExecutionOrderSort2 (0ms)
			AwakeInstancesAfterBackupRestoration (0ms)
Platform modules already initialized, skipping
Registering precompiled user dll's ...
Registered in 0.002639 seconds.
Begin MonoManager ReloadAssembly
Native extension for WindowsStandalone target not found
Native extension for WebGL target not found
Refreshing native plugins compatible for Editor in 42.87 ms, found 3 plugins.
Preloading 0 native plugins for Editor in 0.00 ms.
Mono: successfully reloaded assembly
- Completed reload, in  1.039 seconds
Domain Reload Profiling:
	ReloadAssembly (1040ms)
		BeginReloadAssembly (135ms)
			ExecutionOrderSort (0ms)
			DisableScriptedObjects (4ms)
			BackupInstance (0ms)
			ReleaseScriptingObjects (0ms)
			CreateAndSetChildDomain (18ms)
		EndReloadAssembly (845ms)
			LoadAssemblies (83ms)
			RebuildTransferFunctionScriptingTraits (0ms)
			SetupTypeCache (276ms)
			ReleaseScriptCaches (1ms)
			RebuildScriptCaches (46ms)
			SetupLoadedEditorAssemblies (318ms)
				LogAssemblyErrors (0ms)
				InitializePlatformSupportModulesInManaged (4ms)
				SetLoadedEditorAssemblies (0ms)
				RefreshPlugins (43ms)
				BeforeProcessingInitializeOnLoad (63ms)
				ProcessInitializeOnLoadAttributes (190ms)
				ProcessInitializeOnLoadMethodAttributes (12ms)
				AfterProcessingInitializeOnLoad (5ms)
				EditorAssembliesLoaded (0ms)
			ExecutionOrderSort2 (0ms)
			AwakeInstancesAfterBackupRestoration (6ms)
Platform modules already initialized, skipping
========================================================================
Worker process is ready to serve import requests
Launched and connected shader compiler UnityShaderCompiler.exe after 0.21 seconds
Refreshing native plugins compatible for Editor in 0.41 ms, found 3 plugins.
Preloading 0 native plugins for Editor in 0.00 ms.
Unloading 2096 Unused Serialized files (Serialized files now loaded: 0)
System memory in use before: 93.2 MB.
System memory in use after: 93.3 MB.

Unloading 26 unused Assets to reduce memory usage. Loaded Objects now: 2536.
Total: 2.915400 ms (FindLiveObjects: 0.201400 ms CreateObjectMapping: 0.096500 ms MarkObjects: 2.548600 ms  DeleteObjects: 0.067500 ms)

AssetImportParameters requested are different than current active one (requested -> active):
  custom:framework-win-MediaFoundation: 216162199b28c13a410421893ffa2e32 -> 
  custom:video-decoder-ogg-theora: a1e56fd34408186e4bbccfd4996cb3dc -> 
  custom:container-muxer-webm: aa71ff27fc2769a1b78a27578f13a17b -> 
  custom:container-demuxer-webm: 4f35f7cbe854078d1ac9338744f61a02 -> 
  custom:container-demuxer-ogg: 62fdf1f143b41e24485cea50d1cbac27 -> 
  custom:video-encoder-webm-vp8: eb34c28f22e8b96e1ab97ce403110664 -> 
  custom:video-codec-MediaFoundation-h265: 746d11721c4dcdbdad8f713fa42b33f4 -> 
  custom:video-decoder-webm-vp8: 9c59270c3fd7afecdb556c50c9e8de78 -> 
  custom:audio-decoder-ogg-vorbis: bf7c407c2cedff20999df2af8eb42d56 -> 
  custom:audio-encoder-webm-vorbis: bf7c407c2cedff20999df2af8eb42d56 -> 
========================================================================
Received Import Request.
  path: Assets/Scenes/Creditos.unity
  artifactKey: Guid(85212d9f92ab13b4cae4eaf25497d094) Importer(815301076,1909f56bfc062723c751e8b465ee728b)
Start importing Assets/Scenes/Creditos.unity using Guid(85212d9f92ab13b4cae4eaf25497d094) Importer(815301076,1909f56bfc062723c751e8b465ee728b)  -> (artifact id: 'c96b40314737d82ae5e733d8277d1645') in 0.120511 seconds 
  Import took 0.287786 seconds .

========================================================================
Received Prepare
Registering precompiled user dll's ...
Registered in 0.002572 seconds.
Begin MonoManager ReloadAssembly
Native extension for WindowsStandalone target not found
Native extension for WebGL target not found
Refreshing native plugins compatible for Editor in 0.47 ms, found 3 plugins.
Preloading 0 native plugins for Editor in 0.00 ms.
Mono: successfully reloaded assembly
- Completed reload, in  0.967 seconds
Domain Reload Profiling:
	ReloadAssembly (968ms)
		BeginReloadAssembly (114ms)
			ExecutionOrderSort (0ms)
			DisableScriptedObjects (6ms)
			BackupInstance (0ms)
			ReleaseScriptingObjects (0ms)
			CreateAndSetChildDomain (34ms)
		EndReloadAssembly (795ms)
			LoadAssemblies (82ms)
			RebuildTransferFunctionScriptingTraits (0ms)
			SetupTypeCache (293ms)
			ReleaseScriptCaches (1ms)
			RebuildScriptCaches (41ms)
			SetupLoadedEditorAssemblies (276ms)
				LogAssemblyErrors (0ms)
				InitializePlatformSupportModulesInManaged (6ms)
				SetLoadedEditorAssemblies (0ms)
				RefreshPlugins (1ms)
				BeforeProcessingInitializeOnLoad (58ms)
				ProcessInitializeOnLoadAttributes (199ms)
				ProcessInitializeOnLoadMethodAttributes (6ms)
				AfterProcessingInitializeOnLoad (5ms)
				EditorAssembliesLoaded (0ms)
			ExecutionOrderSort2 (0ms)
			AwakeInstancesAfterBackupRestoration (10ms)
Platform modules already initialized, skipping
Refreshing native plugins compatible for Editor in 0.43 ms, found 3 plugins.
Preloading 0 native plugins for Editor in 0.00 ms.
Unloading 2086 Unused Serialized files (Serialized files now loaded: 0)
System memory in use before: 92.7 MB.
System memory in use after: 92.8 MB.

Unloading 14 unused Assets to reduce memory usage. Loaded Objects now: 2539.
Total: 3.193500 ms (FindLiveObjects: 0.210300 ms CreateObjectMapping: 0.082600 ms MarkObjects: 2.880100 ms  DeleteObjects: 0.019200 ms)

AssetImportParameters requested are different than current active one (requested -> active):
  custom:framework-win-MediaFoundation: 216162199b28c13a410421893ffa2e32 -> 
  custom:video-decoder-ogg-theora: a1e56fd34408186e4bbccfd4996cb3dc -> 
  custom:container-muxer-webm: aa71ff27fc2769a1b78a27578f13a17b -> 
  custom:container-demuxer-webm: 4f35f7cbe854078d1ac9338744f61a02 -> 
  custom:container-demuxer-ogg: 62fdf1f143b41e24485cea50d1cbac27 -> 
  custom:video-encoder-webm-vp8: eb34c28f22e8b96e1ab97ce403110664 -> 
  custom:video-codec-MediaFoundation-h265: 746d11721c4dcdbdad8f713fa42b33f4 -> 
  custom:video-decoder-webm-vp8: 9c59270c3fd7afecdb556c50c9e8de78 -> 
  custom:audio-decoder-ogg-vorbis: bf7c407c2cedff20999df2af8eb42d56 -> 
  custom:audio-encoder-webm-vorbis: bf7c407c2cedff20999df2af8eb42d56 -> 
========================================================================
Received Import Request.
  Time since last request: 393.043966 seconds.
  path: Assets/Resources/Sprites/cartas/red_joker.png
  artifactKey: Guid(f2b9b6fd892c08542a7b184bba154419) Importer(815301076,1909f56bfc062723c751e8b465ee728b)
Start importing Assets/Resources/Sprites/cartas/red_joker.png using Guid(f2b9b6fd892c08542a7b184bba154419) Importer(815301076,1909f56bfc062723c751e8b465ee728b)  -> (artifact id: '4a8de66f984b6645a684ec9d58398f9c') in 0.474907 seconds 
  Import took 0.518061 seconds .

========================================================================
Received Import Request.
  Time since last request: 0.000333 seconds.
  path: Assets/Resources/Sprites/cartas/queen_of_spades2_.png
  artifactKey: Guid(b4e34a20fe1ee1d4880c7d0546df2048) Importer(815301076,1909f56bfc062723c751e8b465ee728b)
Start importing Assets/Resources/Sprites/cartas/queen_of_spades2_.png using Guid(b4e34a20fe1ee1d4880c7d0546df2048) Importer(815301076,1909f56bfc062723c751e8b465ee728b)  -> (artifact id: 'c9f3377fdd0989d869fcbb3f652e1946') in 0.150403 seconds 
  Import took 0.153699 seconds .

========================================================================
Received Import Request.
  Time since last request: 0.000317 seconds.
  path: Assets/Resources/Sprites/cartas/queen_of_clubs.png
  artifactKey: Guid(2fa8fdb8678fd864c954a60e514fd822) Importer(815301076,1909f56bfc062723c751e8b465ee728b)
Start importing Assets/Resources/Sprites/cartas/queen_of_clubs.png using Guid(2fa8fdb8678fd864c954a60e514fd822) Importer(815301076,1909f56bfc062723c751e8b465ee728b)  -> (artifact id: '5b41f021fe33764c05cce08c937d10b3') in 0.024933 seconds 
  Import took 0.046229 seconds .

========================================================================
Received Import Request.
  Time since last request: 0.000212 seconds.
  path: Assets/Resources/Sprites/cartas/queen_of_hearts2_.png
  artifactKey: Guid(35cd67d1bace2744e93c3253c61c4d24) Importer(815301076,1909f56bfc062723c751e8b465ee728b)
Start importing Assets/Resources/Sprites/cartas/queen_of_hearts2_.png using Guid(35cd67d1bace2744e93c3253c61c4d24) Importer(815301076,1909f56bfc062723c751e8b465ee728b)  -> (artifact id: 'cfb8c2f4380d691c99710db832758dae') in 0.117473 seconds 
  Import took 0.134243 seconds .

========================================================================
Received Import Request.
  Time since last request: 0.000325 seconds.
  path: Assets/Resources/Sprites/cartas/queen_of_spades.png
  artifactKey: Guid(3de5f0cf9d8b30f439015f3850b27225) Importer(815301076,1909f56bfc062723c751e8b465ee728b)
Start importing Assets/Resources/Sprites/cartas/queen_of_spades.png using Guid(3de5f0cf9d8b30f439015f3850b27225) Importer(815301076,1909f56bfc062723c751e8b465ee728b)  -> (artifact id: '40a25f414bde8985fb9b5f489ccfc7af') in 0.026395 seconds 
  Import took 0.038817 seconds .

========================================================================
Received Import Request.
  Time since last request: 0.000240 seconds.
  path: Assets/Resources/Sprites/cartas/queen_of_diamonds2_.png
  artifactKey: Guid(d72b9754a874d324e87392853754fe7b) Importer(815301076,1909f56bfc062723c751e8b465ee728b)
Start importing Assets/Resources/Sprites/cartas/queen_of_diamonds2_.png using Guid(d72b9754a874d324e87392853754fe7b) Importer(815301076,1909f56bfc062723c751e8b465ee728b)  -> (artifact id: '734709182030ee01aae6d410430a7f3e') in 0.112183 seconds 
  Import took 0.127806 seconds .

========================================================================
Received Import Request.
  Time since last request: 0.000323 seconds.
  path: Assets/Resources/Sprites/cartas/queen_of_diamonds.png
  artifactKey: Guid(4c3582f43333d464bbb6e743b37470ec) Importer(815301076,1909f56bfc062723c751e8b465ee728b)
Start importing Assets/Resources/Sprites/cartas/queen_of_diamonds.png using Guid(4c3582f43333d464bbb6e743b37470ec) Importer(815301076,1909f56bfc062723c751e8b465ee728b)  -> (artifact id: '26e64788b3f2480af29441d4a5a761b6') in 0.068438 seconds 
  Import took 0.085116 seconds .

========================================================================
Received Import Request.
  Time since last request: 0.000282 seconds.
  path: Assets/Resources/Sprites/cartas/queen_of_clubs2_.png
  artifactKey: Guid(eecbe6d66cc47dd4686e70546d594f25) Importer(815301076,1909f56bfc062723c751e8b465ee728b)
Start importing Assets/Resources/Sprites/cartas/queen_of_clubs2_.png using Guid(eecbe6d66cc47dd4686e70546d594f25) Importer(815301076,1909f56bfc062723c751e8b465ee728b)  -> (artifact id: 'a72460dce8e04af273c89f5cec2dba4a') in 0.113447 seconds 
  Import took 0.125562 seconds .

========================================================================
Received Import Request.
  Time since last request: 0.000317 seconds.
  path: Assets/Resources/Sprites/cartas/queen_of_hearts.png
  artifactKey: Guid(ba47b1f3b02c0234aa1002b5d73a35a2) Importer(815301076,1909f56bfc062723c751e8b465ee728b)
Start importing Assets/Resources/Sprites/cartas/queen_of_hearts.png using Guid(ba47b1f3b02c0234aa1002b5d73a35a2) Importer(815301076,1909f56bfc062723c751e8b465ee728b)  -> (artifact id: '9de03c016cde904188749f173562d98f') in 0.082323 seconds 
  Import took 0.085790 seconds .

========================================================================
Received Import Request.
  Time since last request: 0.268057 seconds.
  path: Assets/Resources/Sprites/cartas/playCardBackBlue.jpg
  artifactKey: Guid(ffc5457f40da3d647894afca3097d362) Importer(815301076,1909f56bfc062723c751e8b465ee728b)
Start importing Assets/Resources/Sprites/cartas/playCardBackBlue.jpg using Guid(ffc5457f40da3d647894afca3097d362) Importer(815301076,1909f56bfc062723c751e8b465ee728b)  -> (artifact id: '2a2183bbc875114f5156c10d2ad2c827') in 0.146905 seconds 
  Import took 0.150955 seconds .

========================================================================
Received Import Request.
  Time since last request: 0.000241 seconds.
  path: Assets/Resources/Sprites/cartas/king_of_clubs.png
  artifactKey: Guid(d6d0b01cbef2da147a758547371238eb) Importer(815301076,1909f56bfc062723c751e8b465ee728b)
Start importing Assets/Resources/Sprites/cartas/king_of_clubs.png using Guid(d6d0b01cbef2da147a758547371238eb) Importer(815301076,1909f56bfc062723c751e8b465ee728b)  -> (artifact id: 'a63bb66e7fe597abd80d275b3b9af4c1') in 0.022060 seconds 
  Import took 0.059491 seconds .

========================================================================
Received Import Request.
  Time since last request: 0.000307 seconds.
  path: Assets/Resources/Sprites/cartas/8_of_diamonds.png
  artifactKey: Guid(994e45c9ebd8c984083c4a5f94816bdc) Importer(815301076,1909f56bfc062723c751e8b465ee728b)
Start importing Assets/Resources/Sprites/cartas/8_of_diamonds.png using Guid(994e45c9ebd8c984083c4a5f94816bdc) Importer(815301076,1909f56bfc062723c751e8b465ee728b)  -> (artifact id: '02abd046f2d00597d161e54ec396bd38') in 0.162713 seconds 
  Import took 0.184951 seconds .

========================================================================
Received Import Request.
  Time since last request: 0.000209 seconds.
  path: Assets/Resources/Sprites/cartas/black_joker.png
  artifactKey: Guid(a9d19ba258f5a9142b294e4262805f7f) Importer(815301076,1909f56bfc062723c751e8b465ee728b)
Start importing Assets/Resources/Sprites/cartas/black_joker.png using Guid(a9d19ba258f5a9142b294e4262805f7f) Importer(815301076,1909f56bfc062723c751e8b465ee728b)  -> (artifact id: '780cb4396704c5a189e9dba76f9dbb0c') in 0.211767 seconds 
  Import took 0.229151 seconds .

========================================================================
Received Import Request.
  Time since last request: 0.000423 seconds.
  path: Assets/Resources/Sprites/cartas/4_of_clubs.png
  artifactKey: Guid(e5c3d6e415563c144a8567a0c338da9f) Importer(815301076,1909f56bfc062723c751e8b465ee728b)
Start importing Assets/Resources/Sprites/cartas/4_of_clubs.png using Guid(e5c3d6e415563c144a8567a0c338da9f) Importer(815301076,1909f56bfc062723c751e8b465ee728b)  -> (artifact id: 'b27a4e89abc984c8de2e793e6f0af9b9') in 0.025471 seconds 
  Import took 0.043171 seconds .

========================================================================
Received Import Request.
  Time since last request: 0.000253 seconds.
  path: Assets/Resources/Sprites/cartas/10_of_clubs.png
  artifactKey: Guid(57495b27af605df41b3af7fbad76672a) Importer(815301076,1909f56bfc062723c751e8b465ee728b)
Start importing Assets/Resources/Sprites/cartas/10_of_clubs.png using Guid(57495b27af605df41b3af7fbad76672a) Importer(815301076,1909f56bfc062723c751e8b465ee728b)  -> (artifact id: '9298368319f295788ae8d4603e094af8') in 0.024774 seconds 
  Import took 0.049948 seconds .

========================================================================
Received Import Request.
  Time since last request: 0.000488 seconds.
  path: Assets/Resources/Sprites/cartas/4_of_diamonds.png
  artifactKey: Guid(3266e7dd890f3454a918dedd8e2140f7) Importer(815301076,1909f56bfc062723c751e8b465ee728b)
Start importing Assets/Resources/Sprites/cartas/4_of_diamonds.png using Guid(3266e7dd890f3454a918dedd8e2140f7) Importer(815301076,1909f56bfc062723c751e8b465ee728b)  -> (artifact id: 'fde3019d272d8945bace319ae06604b7') in 0.086315 seconds 
  Import took 0.104772 seconds .

========================================================================
Received Import Request.
  Time since last request: 0.000438 seconds.
  path: Assets/Resources/Sprites/cartas/4_of_hearts.png
  artifactKey: Guid(c6cca393b433902428630dddc5372f2c) Importer(815301076,1909f56bfc062723c751e8b465ee728b)
Start importing Assets/Resources/Sprites/cartas/4_of_hearts.png using Guid(c6cca393b433902428630dddc5372f2c) Importer(815301076,1909f56bfc062723c751e8b465ee728b)  -> (artifact id: 'bae9cfb75b33a7289e24644843361092') in 0.108860 seconds 
  Import took 0.144823 seconds .

========================================================================
Received Import Request.
  Time since last request: 0.000305 seconds.
  path: Assets/Resources/Sprites/cartas/6_of_hearts.png
  artifactKey: Guid(282ec9d5e3a10d1429ac812b59e69774) Importer(815301076,1909f56bfc062723c751e8b465ee728b)
Start importing Assets/Resources/Sprites/cartas/6_of_hearts.png using Guid(282ec9d5e3a10d1429ac812b59e69774) Importer(815301076,1909f56bfc062723c751e8b465ee728b)  -> (artifact id: '66695e077aecd62dd9ff9d3eae25c863') in 0.100663 seconds 
  Import took 0.116983 seconds .

========================================================================
Received Import Request.
  Time since last request: 0.000167 seconds.
  path: Assets/Resources/Sprites/cartas/jack_of_hearts.png
  artifactKey: Guid(30e5b2f0e7678ed4f9f4fa2bc0090797) Importer(815301076,1909f56bfc062723c751e8b465ee728b)
Start importing Assets/Resources/Sprites/cartas/jack_of_hearts.png using Guid(30e5b2f0e7678ed4f9f4fa2bc0090797) Importer(815301076,1909f56bfc062723c751e8b465ee728b)  -> (artifact id: '49e479794b61854b6181010ffe5233e5') in 0.057489 seconds 
  Import took 0.060981 seconds .

========================================================================
Received Import Request.
  Time since last request: 0.000225 seconds.
  path: Assets/Resources/Sprites/cartas/jack_of_clubs2_.png
  artifactKey: Guid(9f6acd47da5ea5347a11477dd59d9a24) Importer(815301076,1909f56bfc062723c751e8b465ee728b)
Start importing Assets/Resources/Sprites/cartas/jack_of_clubs2_.png using Guid(9f6acd47da5ea5347a11477dd59d9a24) Importer(815301076,1909f56bfc062723c751e8b465ee728b)  -> (artifact id: '96ba0dd32469bf34a4b2e21cfb655d3d') in 0.086231 seconds 
  Import took 0.090128 seconds .

========================================================================
Received Import Request.
  Time since last request: 0.000196 seconds.
  path: Assets/Resources/Sprites/cartas/king_of_diamonds2_.png
  artifactKey: Guid(d1fae4cdd5bf0894f835f61115fe39c2) Importer(815301076,1909f56bfc062723c751e8b465ee728b)
Start importing Assets/Resources/Sprites/cartas/king_of_diamonds2_.png using Guid(d1fae4cdd5bf0894f835f61115fe39c2) Importer(815301076,1909f56bfc062723c751e8b465ee728b)  -> (artifact id: '2e9b9f7b886f15ccf941802827cca352') in 0.104485 seconds 
  Import took 0.108062 seconds .

========================================================================
Received Import Request.
  Time since last request: 0.000279 seconds.
  path: Assets/Resources/Sprites/cartas/10_of_diamonds.png
  artifactKey: Guid(95d78938e706e154b8bf7a754e97d2af) Importer(815301076,1909f56bfc062723c751e8b465ee728b)
Start importing Assets/Resources/Sprites/cartas/10_of_diamonds.png using Guid(95d78938e706e154b8bf7a754e97d2af) Importer(815301076,1909f56bfc062723c751e8b465ee728b)  -> (artifact id: 'b59b4196bb5b5209f5e6fdf25e1de7c3') in 0.099974 seconds 
  Import took 0.103593 seconds .

========================================================================
Received Import Request.
  Time since last request: 0.000289 seconds.
  path: Assets/Resources/Sprites/cartas/4_of_spades.png
  artifactKey: Guid(732a82b85a89a35448cdfe862c7c8c9f) Importer(815301076,1909f56bfc062723c751e8b465ee728b)
Start importing Assets/Resources/Sprites/cartas/4_of_spades.png using Guid(732a82b85a89a35448cdfe862c7c8c9f) Importer(815301076,1909f56bfc062723c751e8b465ee728b)  -> (artifact id: '4f67b3c4bedd89edc8cc9c565f045ff6') in 0.018112 seconds 
  Import took 0.022148 seconds .

========================================================================
Received Import Request.
  Time since last request: 0.000309 seconds.
  path: Assets/Resources/Sprites/cartas/ace_of_diamonds.png
  artifactKey: Guid(cfccf7bd49834b84cbcb29c954b613cc) Importer(815301076,1909f56bfc062723c751e8b465ee728b)
Start importing Assets/Resources/Sprites/cartas/ace_of_diamonds.png using Guid(cfccf7bd49834b84cbcb29c954b613cc) Importer(815301076,1909f56bfc062723c751e8b465ee728b)  -> (artifact id: 'b718666eeae448d6798a33fb0db28984') in 0.080541 seconds 
  Import took 0.084045 seconds .

========================================================================
Received Import Request.
  Time since last request: 0.000216 seconds.
  path: Assets/Resources/Sprites/cartas/5_of_clubs.png
  artifactKey: Guid(0404f3c0023418f4c86f15934ac66d3f) Importer(815301076,1909f56bfc062723c751e8b465ee728b)
Start importing Assets/Resources/Sprites/cartas/5_of_clubs.png using Guid(0404f3c0023418f4c86f15934ac66d3f) Importer(815301076,1909f56bfc062723c751e8b465ee728b)  -> (artifact id: 'f2fd197fdf53a3a9a5ec5acde0a77404') in 0.028168 seconds 
  Import took 0.049216 seconds .

========================================================================
Received Import Request.
  Time since last request: 0.000310 seconds.
  path: Assets/Resources/Sprites/cartas/ace_of_spades2_.png
  artifactKey: Guid(251cd45df4daf274187fcfe8a283fa88) Importer(815301076,1909f56bfc062723c751e8b465ee728b)
Start importing Assets/Resources/Sprites/cartas/ace_of_spades2_.png using Guid(251cd45df4daf274187fcfe8a283fa88) Importer(815301076,1909f56bfc062723c751e8b465ee728b)  -> (artifact id: '47194628498dca92c73e3c1a422c49d1') in 0.114797 seconds 
  Import took 0.158108 seconds .

========================================================================
Received Import Request.
  Time since last request: 0.000278 seconds.
  path: Assets/Resources/Sprites/cartas/8_of_clubs.png
  artifactKey: Guid(545a73adbd6ca28418a87aa72b3a8747) Importer(815301076,1909f56bfc062723c751e8b465ee728b)
Start importing Assets/Resources/Sprites/cartas/8_of_clubs.png using Guid(545a73adbd6ca28418a87aa72b3a8747) Importer(815301076,1909f56bfc062723c751e8b465ee728b)  -> (artifact id: '6ad8d1483d484393f36b0c1762fec9e5') in 0.044988 seconds 
  Import took 0.062771 seconds .

========================================================================
Received Import Request.
  Time since last request: 0.000295 seconds.
  path: Assets/Resources/Sprites/cartas/playCardBackRed.jpg
  artifactKey: Guid(7400c09ff64b8d247a462dc66e75991f) Importer(815301076,1909f56bfc062723c751e8b465ee728b)
Start importing Assets/Resources/Sprites/cartas/playCardBackRed.jpg using Guid(7400c09ff64b8d247a462dc66e75991f) Importer(815301076,1909f56bfc062723c751e8b465ee728b)  -> (artifact id: 'fd430262db06727b39afeaffa920485f') in 0.024645 seconds 
  Import took 0.036439 seconds .

========================================================================
Received Import Request.
  Time since last request: 0.000279 seconds.
  path: Assets/Resources/Sprites/cartas/king_of_hearts.png
  artifactKey: Guid(2cf23349f68fab74bae5cb1fce27daf3) Importer(815301076,1909f56bfc062723c751e8b465ee728b)
Start importing Assets/Resources/Sprites/cartas/king_of_hearts.png using Guid(2cf23349f68fab74bae5cb1fce27daf3) Importer(815301076,1909f56bfc062723c751e8b465ee728b)  -> (artifact id: 'c0e320f154f0d801c1a2727fa61b6d66') in 0.101059 seconds 
  Import took 0.105333 seconds .

========================================================================
Received Import Request.
  Time since last request: 0.000331 seconds.
  path: Assets/Resources/Sprites/cartas/5_of_diamonds.png
  artifactKey: Guid(d95f7bcf5c027f843a274bb845847252) Importer(815301076,1909f56bfc062723c751e8b465ee728b)
Start importing Assets/Resources/Sprites/cartas/5_of_diamonds.png using Guid(d95f7bcf5c027f843a274bb845847252) Importer(815301076,1909f56bfc062723c751e8b465ee728b)  -> (artifact id: '149f3e3d0a6a9a431bf0a57cc6b33576') in 0.093975 seconds 
  Import took 0.097634 seconds .

========================================================================
Received Import Request.
  Time since last request: 0.000319 seconds.
  path: Assets/Resources/Sprites/cartas/jack_of_diamonds2_.png
  artifactKey: Guid(f61f37cc0bd972d4e8c571f6234d0478) Importer(815301076,1909f56bfc062723c751e8b465ee728b)
Start importing Assets/Resources/Sprites/cartas/jack_of_diamonds2_.png using Guid(f61f37cc0bd972d4e8c571f6234d0478) Importer(815301076,1909f56bfc062723c751e8b465ee728b)  -> (artifact id: 'e5e56b3523a4cd77d33610e9d00d980a') in 0.106797 seconds 
  Import took 0.120168 seconds .

========================================================================
Received Import Request.
  Time since last request: 0.000291 seconds.
  path: Assets/Resources/Sprites/cartas/8_of_spades.png
  artifactKey: Guid(6d68eeffb88f4c84d8007f178accf003) Importer(815301076,1909f56bfc062723c751e8b465ee728b)
Start importing Assets/Resources/Sprites/cartas/8_of_spades.png using Guid(6d68eeffb88f4c84d8007f178accf003) Importer(815301076,1909f56bfc062723c751e8b465ee728b)  -> (artifact id: '488b7a554e7cc097327aedb410cbb203') in 0.030833 seconds 
  Import took 0.033780 seconds .

========================================================================
Received Import Request.
  Time since last request: 0.000428 seconds.
  path: Assets/Resources/Sprites/cartas/7_of_clubs.png
  artifactKey: Guid(e1801c6f55428094a96e83422de5ff5c) Importer(815301076,1909f56bfc062723c751e8b465ee728b)
Start importing Assets/Resources/Sprites/cartas/7_of_clubs.png using Guid(e1801c6f55428094a96e83422de5ff5c) Importer(815301076,1909f56bfc062723c751e8b465ee728b)  -> (artifact id: '69f444b605db044c3584e71757a4b21c') in 0.028862 seconds 
  Import took 0.032194 seconds .

========================================================================
Received Import Request.
  Time since last request: 0.000279 seconds.
  path: Assets/Resources/Sprites/cartas/king_of_spades.png
  artifactKey: Guid(0c6a9460357aeec4a94033705c0cd8db) Importer(815301076,1909f56bfc062723c751e8b465ee728b)
Start importing Assets/Resources/Sprites/cartas/king_of_spades.png using Guid(0c6a9460357aeec4a94033705c0cd8db) Importer(815301076,1909f56bfc062723c751e8b465ee728b)  -> (artifact id: '0b278b68058a48ec4e3bb8aed7f64b6c') in 0.026547 seconds 
  Import took 0.029688 seconds .

========================================================================
Received Import Request.
  Time since last request: 0.000230 seconds.
  path: Assets/Resources/Sprites/cartas/5_of_hearts.png
  artifactKey: Guid(46a4ed791ea0e7a4c80eca952663b98a) Importer(815301076,1909f56bfc062723c751e8b465ee728b)
Start importing Assets/Resources/Sprites/cartas/5_of_hearts.png using Guid(46a4ed791ea0e7a4c80eca952663b98a) Importer(815301076,1909f56bfc062723c751e8b465ee728b)  -> (artifact id: '368435af669722adc31d0f534eeb1653') in 0.102021 seconds 
  Import took 0.106016 seconds .

========================================================================
Received Import Request.
  Time since last request: 0.000353 seconds.
  path: Assets/Resources/Sprites/cartas/5_of_spades.png
  artifactKey: Guid(91c851fde5e22ec45b5b4871602a0764) Importer(815301076,1909f56bfc062723c751e8b465ee728b)
Start importing Assets/Resources/Sprites/cartas/5_of_spades.png using Guid(91c851fde5e22ec45b5b4871602a0764) Importer(815301076,1909f56bfc062723c751e8b465ee728b)  -> (artifact id: '0f57361eab470ebf84469a5a787bb83e') in 0.027537 seconds 
  Import took 0.031360 seconds .

========================================================================
Received Import Request.
  Time since last request: 0.000239 seconds.
  path: Assets/Resources/Sprites/cartas/9_of_diamonds.png
  artifactKey: Guid(e340dc344d73c0d499539e8b59fa8d3b) Importer(815301076,1909f56bfc062723c751e8b465ee728b)
Start importing Assets/Resources/Sprites/cartas/9_of_diamonds.png using Guid(e340dc344d73c0d499539e8b59fa8d3b) Importer(815301076,1909f56bfc062723c751e8b465ee728b)  -> (artifact id: '016961ad86d6a5d118737202d05c1e35') in 0.099482 seconds 
  Import took 0.121904 seconds .

========================================================================
Received Import Request.
  Time since last request: 0.000327 seconds.
  path: Assets/Resources/Sprites/cartas/king_of_spades2_.png
  artifactKey: Guid(e4adc1867cd96ce4fae0923e6380859a) Importer(815301076,1909f56bfc062723c751e8b465ee728b)
Start importing Assets/Resources/Sprites/cartas/king_of_spades2_.png using Guid(e4adc1867cd96ce4fae0923e6380859a) Importer(815301076,1909f56bfc062723c751e8b465ee728b)  -> (artifact id: 'b7cae7c3c4f714abc964be827dba3aa0') in 0.117852 seconds 
  Import took 0.121146 seconds .

========================================================================
Received Import Request.
  Time since last request: 0.000283 seconds.
  path: Assets/Resources/Sprites/cartas/6_of_diamonds.png
  artifactKey: Guid(41a84dfb9c1fe5d42b743ebb9c76c7c8) Importer(815301076,1909f56bfc062723c751e8b465ee728b)
Start importing Assets/Resources/Sprites/cartas/6_of_diamonds.png using Guid(41a84dfb9c1fe5d42b743ebb9c76c7c8) Importer(815301076,1909f56bfc062723c751e8b465ee728b)  -> (artifact id: '6286e0fa56084bc4329bfc506046b54a') in 0.107741 seconds 
  Import took 0.111199 seconds .

========================================================================
Received Import Request.
  Time since last request: 0.000249 seconds.
  path: Assets/Resources/Sprites/cartas/jack_of_spades2_.png
  artifactKey: Guid(b0984daeb6e62754d9dc90a39de89311) Importer(815301076,1909f56bfc062723c751e8b465ee728b)
Start importing Assets/Resources/Sprites/cartas/jack_of_spades2_.png using Guid(b0984daeb6e62754d9dc90a39de89311) Importer(815301076,1909f56bfc062723c751e8b465ee728b)  -> (artifact id: '589fa459bc5905287baae3ddd5d05077') in 0.109395 seconds 
  Import took 0.113375 seconds .

========================================================================
Received Import Request.
  Time since last request: 0.000173 seconds.
  path: Assets/Resources/Sprites/cartas/ace_of_spades.png
  artifactKey: Guid(b568d5ddde506e04789000982598c822) Importer(815301076,1909f56bfc062723c751e8b465ee728b)
Start importing Assets/Resources/Sprites/cartas/ace_of_spades.png using Guid(b568d5ddde506e04789000982598c822) Importer(815301076,1909f56bfc062723c751e8b465ee728b)  -> (artifact id: '53c6870ce47f0cbbb4076f6bc86b1070') in 0.021406 seconds 
  Import took 0.024597 seconds .

========================================================================
Received Import Request.
  Time since last request: 0.000328 seconds.
  path: Assets/Resources/Sprites/cartas/9_of_clubs.png
  artifactKey: Guid(7090789b5025a86468665e82bdbfbe1a) Importer(815301076,1909f56bfc062723c751e8b465ee728b)
Start importing Assets/Resources/Sprites/cartas/9_of_clubs.png using Guid(7090789b5025a86468665e82bdbfbe1a) Importer(815301076,1909f56bfc062723c751e8b465ee728b)  -> (artifact id: '6654049e798ad158007d1bf3a70a17ce') in 0.025437 seconds 
  Import took 0.029563 seconds .

========================================================================
Received Import Request.
  Time since last request: 0.000253 seconds.
  path: Assets/Resources/Sprites/cartas/7_of_spades.png
  artifactKey: Guid(d01d9a3b278d03c4e80f37b1f1fca4d8) Importer(815301076,1909f56bfc062723c751e8b465ee728b)
Start importing Assets/Resources/Sprites/cartas/7_of_spades.png using Guid(d01d9a3b278d03c4e80f37b1f1fca4d8) Importer(815301076,1909f56bfc062723c751e8b465ee728b)  -> (artifact id: '66bd1af37f7c8d2e88e46c0105bfb768') in 0.024888 seconds 
  Import took 0.028377 seconds .

========================================================================
Received Import Request.
  Time since last request: 0.000206 seconds.
  path: Assets/Resources/Sprites/cartas/6_of_spades.png
  artifactKey: Guid(4e7cad30c2bb0f74883fc1362ace5aff) Importer(815301076,1909f56bfc062723c751e8b465ee728b)
Start importing Assets/Resources/Sprites/cartas/6_of_spades.png using Guid(4e7cad30c2bb0f74883fc1362ace5aff) Importer(815301076,1909f56bfc062723c751e8b465ee728b)  -> (artifact id: 'ff6a0386b7b6773024b47fe1230b7450') in 0.026359 seconds 
  Import took 0.030494 seconds .

========================================================================
Received Import Request.
  Time since last request: 0.000242 seconds.
  path: Assets/Resources/Sprites/cartas/9_of_spades.png
  artifactKey: Guid(6b91a79815506e94c9d50abc5632e760) Importer(815301076,1909f56bfc062723c751e8b465ee728b)
Start importing Assets/Resources/Sprites/cartas/9_of_spades.png using Guid(6b91a79815506e94c9d50abc5632e760) Importer(815301076,1909f56bfc062723c751e8b465ee728b)  -> (artifact id: '8ba53ee8d184e1b2d000ba7997a10bda') in 0.029169 seconds 
  Import took 0.056894 seconds .

========================================================================
Received Import Request.
  Time since last request: 0.000257 seconds.
  path: Assets/Resources/Sprites/cartas/7_of_diamonds.png
  artifactKey: Guid(20317289feb9f074383f17dd9fa6cc9b) Importer(815301076,1909f56bfc062723c751e8b465ee728b)
Start importing Assets/Resources/Sprites/cartas/7_of_diamonds.png using Guid(20317289feb9f074383f17dd9fa6cc9b) Importer(815301076,1909f56bfc062723c751e8b465ee728b)  -> (artifact id: '6be5b474add2420f9c26003c0232b471') in 0.064486 seconds 
  Import took 0.067984 seconds .

========================================================================
Received Import Request.
  Time since last request: 0.000311 seconds.
  path: Assets/Resources/Sprites/cartas/king_of_clubs2_.png
  artifactKey: Guid(5571179c5c58c3044b1fe3afade2601d) Importer(815301076,1909f56bfc062723c751e8b465ee728b)
Start importing Assets/Resources/Sprites/cartas/king_of_clubs2_.png using Guid(5571179c5c58c3044b1fe3afade2601d) Importer(815301076,1909f56bfc062723c751e8b465ee728b)  -> (artifact id: 'cc22526434f2f0814ad4c15ab9950582') in 0.131720 seconds 
  Import took 0.142618 seconds .

========================================================================
Received Import Request.
  Time since last request: 0.000276 seconds.
  path: Assets/Resources/Sprites/cartas/jack_of_clubs.png
  artifactKey: Guid(7059ee5a7da06604db260731a558ab28) Importer(815301076,1909f56bfc062723c751e8b465ee728b)
Start importing Assets/Resources/Sprites/cartas/jack_of_clubs.png using Guid(7059ee5a7da06604db260731a558ab28) Importer(815301076,1909f56bfc062723c751e8b465ee728b)  -> (artifact id: '818fbef2ae9cd157b179bf4048518c2e') in 0.025793 seconds 
  Import took 0.046587 seconds .

========================================================================
Received Import Request.
  Time since last request: 0.000299 seconds.
  path: Assets/Resources/Sprites/cartas/back_of_card.png
  artifactKey: Guid(3a7dff7a9d47b064e8e0b4a2bade1459) Importer(815301076,1909f56bfc062723c751e8b465ee728b)
Start importing Assets/Resources/Sprites/cartas/back_of_card.png using Guid(3a7dff7a9d47b064e8e0b4a2bade1459) Importer(815301076,1909f56bfc062723c751e8b465ee728b)  -> (artifact id: '072d2c44e24944da0f052827e9ad1d3a') in 0.102784 seconds 
  Import took 0.134616 seconds .

========================================================================
Received Import Request.
  Time since last request: 0.000317 seconds.
  path: Assets/Resources/Sprites/cartas/ace_of_clubs.png
  artifactKey: Guid(ad531dbaa29862d41a30a99d051335ae) Importer(815301076,1909f56bfc062723c751e8b465ee728b)
Start importing Assets/Resources/Sprites/cartas/ace_of_clubs.png using Guid(ad531dbaa29862d41a30a99d051335ae) Importer(815301076,1909f56bfc062723c751e8b465ee728b)  -> (artifact id: '16e8aafddd24915df516de1b99fc14f0') in 0.025048 seconds 
  Import took 0.042026 seconds .

========================================================================
Received Import Request.
  Time since last request: 0.000208 seconds.
  path: Assets/Resources/Sprites/cartas/jack_of_diamonds.png
  artifactKey: Guid(e2ee3ea58db5aca489239cb9d6eee95b) Importer(815301076,1909f56bfc062723c751e8b465ee728b)
Start importing Assets/Resources/Sprites/cartas/jack_of_diamonds.png using Guid(e2ee3ea58db5aca489239cb9d6eee95b) Importer(815301076,1909f56bfc062723c751e8b465ee728b)  -> (artifact id: '8d4b0722fef49b8b907a5d1c20875555') in 0.084415 seconds 
  Import took 0.102010 seconds .

========================================================================
Received Import Request.
  Time since last request: 0.000311 seconds.
  path: Assets/Resources/Sprites/cartas/7_of_hearts.png
  artifactKey: Guid(14a51899066cfe64987b60e951aaa57b) Importer(815301076,1909f56bfc062723c751e8b465ee728b)
Start importing Assets/Resources/Sprites/cartas/7_of_hearts.png using Guid(14a51899066cfe64987b60e951aaa57b) Importer(815301076,1909f56bfc062723c751e8b465ee728b)  -> (artifact id: '2362ca6b3dfdc060dbe39c36ad09fdf1') in 0.106904 seconds 
  Import took 0.111199 seconds .

========================================================================
Received Import Request.
  Time since last request: 0.000249 seconds.
  path: Assets/Resources/Sprites/cartas/10_of_hearts.png
  artifactKey: Guid(2f60d62c770180a498c1cfe3431ce24b) Importer(815301076,1909f56bfc062723c751e8b465ee728b)
Start importing Assets/Resources/Sprites/cartas/10_of_hearts.png using Guid(2f60d62c770180a498c1cfe3431ce24b) Importer(815301076,1909f56bfc062723c751e8b465ee728b)  -> (artifact id: '159a960614dac880dc27dcbda34e6926') in 0.078059 seconds 
  Import took 0.081961 seconds .

========================================================================
Received Import Request.
  Time since last request: 0.000234 seconds.
  path: Assets/Resources/Sprites/cartas/6_of_clubs.png
  artifactKey: Guid(12e89b012f3374047b61ac9de8fba816) Importer(815301076,1909f56bfc062723c751e8b465ee728b)
Start importing Assets/Resources/Sprites/cartas/6_of_clubs.png using Guid(12e89b012f3374047b61ac9de8fba816) Importer(815301076,1909f56bfc062723c751e8b465ee728b)  -> (artifact id: '6eba18d3f64739a5a4f6488fb4a41462') in 0.024540 seconds 
  Import took 0.028243 seconds .

========================================================================
Received Import Request.
  Time since last request: 0.000273 seconds.
  path: Assets/Resources/Sprites/cartas/jack_of_spades.png
  artifactKey: Guid(1a0987419c79f6d4e8328b4a47297f3c) Importer(815301076,1909f56bfc062723c751e8b465ee728b)
Start importing Assets/Resources/Sprites/cartas/jack_of_spades.png using Guid(1a0987419c79f6d4e8328b4a47297f3c) Importer(815301076,1909f56bfc062723c751e8b465ee728b)  -> (artifact id: '9d807b94c67cafc630cd376e00bbb779') in 0.054072 seconds 
  Import took 0.058377 seconds .

========================================================================
Received Import Request.
  Time since last request: 0.000236 seconds.
  path: Assets/Resources/Sprites/cartas/8_of_hearts.png
  artifactKey: Guid(8cf2d49d4b220f94e8a70b82a3ed2a21) Importer(815301076,1909f56bfc062723c751e8b465ee728b)
Start importing Assets/Resources/Sprites/cartas/8_of_hearts.png using Guid(8cf2d49d4b220f94e8a70b82a3ed2a21) Importer(815301076,1909f56bfc062723c751e8b465ee728b)  -> (artifact id: 'e344ef7fb65a37d5035f3b4c45244b91') in 0.115588 seconds 
  Import took 0.129603 seconds .

========================================================================
Received Import Request.
  Time since last request: 0.000281 seconds.
  path: Assets/Resources/Sprites/cartas/king_of_hearts2_.png
  artifactKey: Guid(6a76568583f1ee34ea426ac13f30dc00) Importer(815301076,1909f56bfc062723c751e8b465ee728b)
Start importing Assets/Resources/Sprites/cartas/king_of_hearts2_.png using Guid(6a76568583f1ee34ea426ac13f30dc00) Importer(815301076,1909f56bfc062723c751e8b465ee728b)  -> (artifact id: 'f2f7b85be6506eaf171e46469de2110e') in 0.095298 seconds 
  Import took 0.099438 seconds .

========================================================================
Received Import Request.
  Time since last request: 0.000391 seconds.
  path: Assets/Resources/Sprites/cartas/10_of_spades.png
  artifactKey: Guid(e58809964fc87cd4a885da15159f70c4) Importer(815301076,1909f56bfc062723c751e8b465ee728b)
Start importing Assets/Resources/Sprites/cartas/10_of_spades.png using Guid(e58809964fc87cd4a885da15159f70c4) Importer(815301076,1909f56bfc062723c751e8b465ee728b)  -> (artifact id: 'bb5754caab28c6443eed6d8082069524') in 0.021783 seconds 
  Import took 0.025423 seconds .

========================================================================
Received Import Request.
  Time since last request: 0.000337 seconds.
  path: Assets/Resources/Sprites/cartas/9_of_hearts.png
  artifactKey: Guid(b0752e7cebf608d4d8f2faa7fb8686f0) Importer(815301076,1909f56bfc062723c751e8b465ee728b)
Start importing Assets/Resources/Sprites/cartas/9_of_hearts.png using Guid(b0752e7cebf608d4d8f2faa7fb8686f0) Importer(815301076,1909f56bfc062723c751e8b465ee728b)  -> (artifact id: '3748acf14af16d70946afa95d83a4675') in 0.089847 seconds 
  Import took 0.093224 seconds .

========================================================================
Received Import Request.
  Time since last request: 0.000197 seconds.
  path: Assets/Resources/Sprites/cartas/king_of_diamonds.png
  artifactKey: Guid(b20398dbc47fa554c804d0fd89381f0b) Importer(815301076,1909f56bfc062723c751e8b465ee728b)
Start importing Assets/Resources/Sprites/cartas/king_of_diamonds.png using Guid(b20398dbc47fa554c804d0fd89381f0b) Importer(815301076,1909f56bfc062723c751e8b465ee728b)  -> (artifact id: '93e71e50f8036f11efeba69575da6ac1') in 0.079718 seconds 
  Import took 0.153978 seconds .

========================================================================
Received Import Request.
  Time since last request: 0.000318 seconds.
  path: Assets/Resources/Sprites/cartas/jack_of_hearts2_.png
  artifactKey: Guid(9a884d63bf5b0a744a08ae91646cef38) Importer(815301076,1909f56bfc062723c751e8b465ee728b)
Start importing Assets/Resources/Sprites/cartas/jack_of_hearts2_.png using Guid(9a884d63bf5b0a744a08ae91646cef38) Importer(815301076,1909f56bfc062723c751e8b465ee728b)  -> (artifact id: '4f9a7dc26be49d7ec111e024f6fc355a') in 0.122891 seconds 
  Import took 0.125965 seconds .

========================================================================
Received Import Request.
  Time since last request: 0.000242 seconds.
  path: Assets/Resources/Sprites/cartas/ace_of_hearts.png
  artifactKey: Guid(6fd54a61081885644a5f467ce680bd54) Importer(815301076,1909f56bfc062723c751e8b465ee728b)
Start importing Assets/Resources/Sprites/cartas/ace_of_hearts.png using Guid(6fd54a61081885644a5f467ce680bd54) Importer(815301076,1909f56bfc062723c751e8b465ee728b)  -> (artifact id: '40e41f839a4823dafddf55ce25cac27f') in 0.071614 seconds 
  Import took 0.108542 seconds .

========================================================================
Received Prepare
Registering precompiled user dll's ...
Registered in 0.003808 seconds.
Begin MonoManager ReloadAssembly
Native extension for WindowsStandalone target not found
Native extension for WebGL target not found
Refreshing native plugins compatible for Editor in 0.44 ms, found 3 plugins.
Preloading 0 native plugins for Editor in 0.00 ms.
Mono: successfully reloaded assembly
- Completed reload, in  0.939 seconds
Domain Reload Profiling:
	ReloadAssembly (939ms)
		BeginReloadAssembly (103ms)
			ExecutionOrderSort (0ms)
			DisableScriptedObjects (6ms)
			BackupInstance (0ms)
			ReleaseScriptingObjects (0ms)
			CreateAndSetChildDomain (34ms)
		EndReloadAssembly (778ms)
			LoadAssemblies (81ms)
			RebuildTransferFunctionScriptingTraits (0ms)
			SetupTypeCache (273ms)
			ReleaseScriptCaches (1ms)
			RebuildScriptCaches (41ms)
			SetupLoadedEditorAssemblies (277ms)
				LogAssemblyErrors (0ms)
				InitializePlatformSupportModulesInManaged (6ms)
				SetLoadedEditorAssemblies (0ms)
				RefreshPlugins (0ms)
				BeforeProcessingInitializeOnLoad (58ms)
				ProcessInitializeOnLoadAttributes (202ms)
				ProcessInitializeOnLoadMethodAttributes (5ms)
				AfterProcessingInitializeOnLoad (6ms)
				EditorAssembliesLoaded (0ms)
			ExecutionOrderSort2 (0ms)
			AwakeInstancesAfterBackupRestoration (10ms)
Platform modules already initialized, skipping
Refreshing native plugins compatible for Editor in 0.57 ms, found 3 plugins.
Preloading 0 native plugins for Editor in 0.00 ms.
Unloading 2086 Unused Serialized files (Serialized files now loaded: 0)
System memory in use before: 95.7 MB.
System memory in use after: 95.9 MB.

Unloading 14 unused Assets to reduce memory usage. Loaded Objects now: 2552.
Total: 4.094900 ms (FindLiveObjects: 0.204200 ms CreateObjectMapping: 0.076700 ms MarkObjects: 3.782700 ms  DeleteObjects: 0.029700 ms)

AssetImportParameters requested are different than current active one (requested -> active):
  custom:framework-win-MediaFoundation: 216162199b28c13a410421893ffa2e32 -> 
  custom:video-decoder-ogg-theora: a1e56fd34408186e4bbccfd4996cb3dc -> 
  custom:container-muxer-webm: aa71ff27fc2769a1b78a27578f13a17b -> 
  custom:container-demuxer-webm: 4f35f7cbe854078d1ac9338744f61a02 -> 
  custom:container-demuxer-ogg: 62fdf1f143b41e24485cea50d1cbac27 -> 
  custom:video-encoder-webm-vp8: eb34c28f22e8b96e1ab97ce403110664 -> 
  custom:video-codec-MediaFoundation-h265: 746d11721c4dcdbdad8f713fa42b33f4 -> 
  custom:video-decoder-webm-vp8: 9c59270c3fd7afecdb556c50c9e8de78 -> 
  custom:audio-decoder-ogg-vorbis: bf7c407c2cedff20999df2af8eb42d56 -> 
  custom:audio-encoder-webm-vorbis: bf7c407c2cedff20999df2af8eb42d56 -> 
AssetImportWorkerClient::OnTransportError - code=2 error=End of file
